build/app/intermediates/manifest_merge_blame_file/debug/manifest-merger-blame-debug-report.txt
1<?xml version="1.0" encoding="utf-8"?>
2<manifest xmlns:android="http://schemas.android.com/apk/res/android"
3    package="com.example.flutter_google_map_sample"
4    android:versionCode="1"
5    android:versionName="1.0.0" >
6
7    <uses-sdk
8        android:minSdkVersion="20"
9        android:targetSdkVersion="33" />
10    <!--
11         The INTERNET permission is required for development. Specifically,
12         the Flutter tool needs it to communicate with the running application
13         to allow setting breakpoints, to provide hot reload, etc.
14    -->
15    <uses-permission android:name="android.permission.INTERNET" />
15-->src/main/AndroidManifest.xml:3:5-66
15-->src/main/AndroidManifest.xml:3:22-64
16    <uses-permission android:name="android.permission.ACCESS_FINE_LOCATION" />
16-->src/main/AndroidManifest.xml:4:5-78
16-->src/main/AndroidManifest.xml:4:22-76
17    <uses-permission android:name="android.permission.ACCESS_COARSE_LOCATION" />
17-->src/main/AndroidManifest.xml:5:5-80
17-->src/main/AndroidManifest.xml:5:22-78
18    <uses-permission android:name="android.permission.FOREGROUND_SERVICE" /> <!-- Include required permissions for Google Maps API to run. -->
18-->[:geolocator_android] AndroidManifest.xml:9:5-77
18-->[:geolocator_android] AndroidManifest.xml:9:22-74
19    <uses-permission android:name="android.permission.ACCESS_NETWORK_STATE" />
19-->[com.google.android.gms:play-services-maps:18.1.0] AndroidManifest.xml:23:5-79
19-->[com.google.android.gms:play-services-maps:18.1.0] AndroidManifest.xml:23:22-76
20
21    <uses-feature
21-->[com.google.android.gms:play-services-maps:18.1.0] AndroidManifest.xml:26:5-28:35
22        android:glEsVersion="0x00020000"
22-->[com.google.android.gms:play-services-maps:18.1.0] AndroidManifest.xml:27:9-41
23        android:required="true" />
23-->[com.google.android.gms:play-services-maps:18.1.0] AndroidManifest.xml:28:9-32
24
25    <queries>
25-->[com.google.android.gms:play-services-maps:18.1.0] AndroidManifest.xml:30:5-34:15
26
27        <!-- Needs to be explicitly declared on Android R+ -->
28        <package android:name="com.google.android.apps.maps" />
28-->[com.google.android.gms:play-services-maps:18.1.0] AndroidManifest.xml:33:9-64
28-->[com.google.android.gms:play-services-maps:18.1.0] AndroidManifest.xml:33:18-61
29    </queries>
30
31    <permission
31-->[androidx.core:core:1.9.0] AndroidManifest.xml:22:5-24:47
32        android:name="com.example.flutter_google_map_sample.DYNAMIC_RECEIVER_NOT_EXPORTED_PERMISSION"
32-->[androidx.core:core:1.9.0] AndroidManifest.xml:23:9-81
33        android:protectionLevel="signature" />
33-->[androidx.core:core:1.9.0] AndroidManifest.xml:24:9-44
34
35    <uses-permission android:name="com.example.flutter_google_map_sample.DYNAMIC_RECEIVER_NOT_EXPORTED_PERMISSION" />
35-->[androidx.core:core:1.9.0] AndroidManifest.xml:26:5-97
35-->[androidx.core:core:1.9.0] AndroidManifest.xml:26:22-94
36
37    <application
38        android:name="android.app.Application"
39        android:appComponentFactory="androidx.core.app.CoreComponentFactory"
39-->[androidx.core:core:1.9.0] AndroidManifest.xml:28:18-86
40        android:debuggable="true"
41        android:icon="@mipmap/ic_launcher"
42        android:label="flutter_google_map_sample" >
43        <activity
44            android:name="com.example.flutter_google_map_sample.MainActivity"
45            android:configChanges="orientation|keyboardHidden|keyboard|screenSize|smallestScreenSize|locale|layoutDirection|fontScale|screenLayout|density|uiMode"
46            android:exported="true"
47            android:hardwareAccelerated="true"
48            android:launchMode="singleTop"
49            android:theme="@style/LaunchTheme"
50            android:windowSoftInputMode="adjustResize" >
51
52            <!--
53                 Specifies an Android theme to apply to this Activity as soon as
54                 the Android process has started. This theme is visible to the user
55                 while the Flutter UI initializes. After that, this theme continues
56                 to determine the Window background behind the Flutter UI.
57            -->
58            <meta-data
59                android:name="io.flutter.embedding.android.NormalTheme"
60                android:resource="@style/NormalTheme" />
61
62            <intent-filter>
63                <action android:name="android.intent.action.MAIN" />
64
65                <category android:name="android.intent.category.LAUNCHER" />
66            </intent-filter>
67        </activity>
68        <!-- TODO: Add your Google Maps API key here -->
69        <meta-data
70            android:name="com.google.android.geo.API_KEY"
71            android:value="AIzaSyDHeUmh71ssI5zr8McuSiFJy22xG_XuoFs" />
72
73        <!--
74            Don't delete the meta-data below.
75            This is used by the Flutter tool to generate GeneratedPluginRegistrant.java
76        -->
77        <meta-data
78            android:name="flutterEmbedding"
79            android:value="2" />
80
81        <service
81-->[:geolocator_android] AndroidManifest.xml:12:9-16:56
82            android:name="com.baseflow.geolocator.GeolocatorLocationService"
82-->[:geolocator_android] AndroidManifest.xml:13:13-77
83            android:enabled="true"
83-->[:geolocator_android] AndroidManifest.xml:14:13-35
84            android:exported="false"
84-->[:geolocator_android] AndroidManifest.xml:15:13-37
85            android:foregroundServiceType="location" />
85-->[:geolocator_android] AndroidManifest.xml:16:13-53
86
87        <uses-library
87-->[androidx.window:window:1.0.0-beta04] AndroidManifest.xml:25:9-27:40
88            android:name="androidx.window.extensions"
88-->[androidx.window:window:1.0.0-beta04] AndroidManifest.xml:26:13-54
89            android:required="false" />
89-->[androidx.window:window:1.0.0-beta04] AndroidManifest.xml:27:13-37
90        <uses-library
90-->[androidx.window:window:1.0.0-beta04] AndroidManifest.xml:28:9-30:40
91            android:name="androidx.window.sidecar"
91-->[androidx.window:window:1.0.0-beta04] AndroidManifest.xml:29:13-51
92            android:required="false" /> <!-- Needs to be explicitly declared on P+ -->
92-->[androidx.window:window:1.0.0-beta04] AndroidManifest.xml:30:13-37
93        <uses-library
93-->[com.google.android.gms:play-services-maps:18.1.0] AndroidManifest.xml:39:9-41:40
94            android:name="org.apache.http.legacy"
94-->[com.google.android.gms:play-services-maps:18.1.0] AndroidManifest.xml:40:13-50
95            android:required="false" />
95-->[com.google.android.gms:play-services-maps:18.1.0] AndroidManifest.xml:41:13-37
96
97        <activity
97-->[com.google.android.gms:play-services-base:18.1.0] AndroidManifest.xml:20:9-22:45
98            android:name="com.google.android.gms.common.api.GoogleApiActivity"
98-->[com.google.android.gms:play-services-base:18.1.0] AndroidManifest.xml:20:19-85
99            android:exported="false"
99-->[com.google.android.gms:play-services-base:18.1.0] AndroidManifest.xml:22:19-43
100            android:theme="@android:style/Theme.Translucent.NoTitleBar" />
100-->[com.google.android.gms:play-services-base:18.1.0] AndroidManifest.xml:21:19-78
101
102        <meta-data
102-->[com.google.android.gms:play-services-basement:18.1.0] AndroidManifest.xml:21:9-23:69
103            android:name="com.google.android.gms.version"
103-->[com.google.android.gms:play-services-basement:18.1.0] AndroidManifest.xml:22:13-58
104            android:value="@integer/google_play_services_version" />
104-->[com.google.android.gms:play-services-basement:18.1.0] AndroidManifest.xml:23:13-66
105    </application>
106
107</manifest>